origin	git@github.com:theomi/API-2021-UDP-Orchestra.git (fetch)
origin	git@github.com:theomi/API-2021-UDP-Orchestra.git (push)
Starting auditor container "53a50d10c7555cf288906b25a73ba0252b0f0d2b9fc58f346ee0963defe86bb4"
Starting auditor container "15764b5d2c1e364e30b55a27e440b80ccdde706c66216e784710be0dad49fbf1"
Starting auditor container "a5acfa3bb773962c9b2a690f8c34141368a4db42e7a8a34a1f5aa94537ed6455"
Starting auditor container "6d904a646f9b78684b768ea768ecd5c0cad5719196493ebe37a589110e449966"
Starting auditor container "55ddce5049619f683244fe639c749b7396ff804f3469396abcfdf9b701a02bf3"
Starting auditor container "f1721e9001fd50a61e9c59f8c51723c1b4bccc266bf72802ff22f0364d19e18f"
Starting auditor container "1d01791265b4cbabdb64d3ffaa86b60431dc41917c58f0e6895c0ef4f0a14ef0"
Starting auditor container "45e0b39c1d4d6e3c19bc9bb8537d3a17389155b6150138683378038ac9ddf185"
Starting auditor container "5929c1461fbdea7c3c69e960134bd3958b8f5a0b154627b80a11fbe97b5190e9"
Starting auditor container "fffa5a19be659e27bb5756d2804850cb1ab4818de98302f126c203f2e75d0828"
Starting auditor container "6ea8a5db8e8d2e16629d98f18863b4030dfedc0914d4d42b03d1e755ace28be7"
11 containers have been started.
f1721e9001fd50a61e9c59f8c51723c1b4bccc266bf72802ff22f0364d19e18f : /opt/app/index.js,flute
5929c1461fbdea7c3c69e960134bd3958b8f5a0b154627b80a11fbe97b5190e9 : /opt/app/index.js,drum
45e0b39c1d4d6e3c19bc9bb8537d3a17389155b6150138683378038ac9ddf185 : /opt/app/index.js,violin
1d01791265b4cbabdb64d3ffaa86b60431dc41917c58f0e6895c0ef4f0a14ef0 : /opt/app/index.js,violin
6d904a646f9b78684b768ea768ecd5c0cad5719196493ebe37a589110e449966 : /opt/app/index.js,drum
fffa5a19be659e27bb5756d2804850cb1ab4818de98302f126c203f2e75d0828 : /opt/app/index.js,flute
53a50d10c7555cf288906b25a73ba0252b0f0d2b9fc58f346ee0963defe86bb4 : /opt/app/index.js,piano
a5acfa3bb773962c9b2a690f8c34141368a4db42e7a8a34a1f5aa94537ed6455 : /opt/app/index.js,piano
15764b5d2c1e364e30b55a27e440b80ccdde706c66216e784710be0dad49fbf1 : /opt/app/index.js,violin
6ea8a5db8e8d2e16629d98f18863b4030dfedc0914d4d42b03d1e755ace28be7 : /opt/app/index.js,piano
55ddce5049619f683244fe639c749b7396ff804f3469396abcfdf9b701a02bf3 : node,/opt/app/index.js
